Using pre-set license
Built from '2020.3/staging' branch; Version is '2020.3.19f1 (68f137dc9bbe) revision 6877495'; Using compiler version '192528614'; Build Type 'Release'
OS: 'Windows 10 Home; OS build 19042.1288; Version 2009; 64bit' Language: 'fr' Physical Memory: 7990 MB
BatchMode: 1, IsHumanControllingUs: 0, StartBugReporterOnCrash: 0, Is64bit: 1, IsPro: 0

COMMAND LINE ARGUMENTS:
C:\Program Files\Unity\Hub\Editor\2020.3.19f1\Editor\Unity.exe
-adb2
-batchMode
-noUpm
-name
AssetImportWorker0
-projectPath
C:/Users/ASUS/Documents/GitHub/Creation/MCN
-logFile
Logs/AssetImportWorker0.log
-srvPort
51292
Successfully changed project path to: C:/Users/ASUS/Documents/GitHub/Creation/MCN
C:/Users/ASUS/Documents/GitHub/Creation/MCN
Using Asset Import Pipeline V2.
Refreshing native plugins compatible for Editor in 108.36 ms, found 4 plugins.
Preloading 0 native plugins for Editor in 0.00 ms.
Initialize engine version: 2020.3.19f1 (68f137dc9bbe)
[Subsystems] Discovering subsystems at path C:/Program Files/Unity/Hub/Editor/2020.3.19f1/Editor/Data/Resources/UnitySubsystems
[Subsystems] Discovering subsystems at path C:/Users/ASUS/Documents/GitHub/Creation/MCN/Assets
GfxDevice: creating device client; threaded=0
Direct3D:
    Version:  Direct3D 11.0 [level 11.1]
    Renderer: Intel(R) UHD Graphics 620 (ID=0x3ea0)
    Vendor:   
    VRAM:     3995 MB
    Driver:   26.20.100.7372
Initialize mono
Mono path[0] = 'C:/Program Files/Unity/Hub/Editor/2020.3.19f1/Editor/Data/Managed'
Mono path[1] = 'C:/Program Files/Unity/Hub/Editor/2020.3.19f1/Editor/Data/MonoBleedingEdge/lib/mono/unityjit'
Mono config path = 'C:/Program Files/Unity/Hub/Editor/2020.3.19f1/Editor/Data/MonoBleedingEdge/etc'
Using monoOptions --debugger-agent=transport=dt_socket,embedding=1,server=y,suspend=n,address=127.0.0.1:56024
Begin MonoManager ReloadAssembly
Registering precompiled unity dll's ...
Register platform support module: C:/Program Files/Unity/Hub/Editor/2020.3.19f1/Editor/Data/PlaybackEngines/WindowsStandaloneSupport/UnityEditor.WindowsStandalone.Extensions.dll
Registered in 0.003398 seconds.
Native extension for WindowsStandalone target not found
Refreshing native plugins compatible for Editor in 56.94 ms, found 4 plugins.
Preloading 0 native plugins for Editor in 0.00 ms.
Mono: successfully reloaded assembly
- Completed reload, in  2.395 seconds
Domain Reload Profiling:
	ReloadAssembly (2395ms)
		BeginReloadAssembly (83ms)
			ExecutionOrderSort (0ms)
			DisableScriptedObjects (0ms)
			BackupInstance (0ms)
			ReleaseScriptingObjects (0ms)
			CreateAndSetChildDomain (1ms)
		EndReloadAssembly (555ms)
			LoadAssemblies (79ms)
			RebuildTransferFunctionScriptingTraits (0ms)
			SetupTypeCache (197ms)
			ReleaseScriptCaches (0ms)
			RebuildScriptCaches (43ms)
			SetupLoadedEditorAssemblies (231ms)
				LogAssemblyErrors (0ms)
				InitializePlatformSupportModulesInManaged (7ms)
				SetLoadedEditorAssemblies (0ms)
				RefreshPlugins (57ms)
				BeforeProcessingInitializeOnLoad (10ms)
				ProcessInitializeOnLoadAttributes (121ms)
				ProcessInitializeOnLoadMethodAttributes (34ms)
				AfterProcessingInitializeOnLoad (0ms)
				EditorAssembliesLoaded (0ms)
			ExecutionOrderSort2 (0ms)
			AwakeInstancesAfterBackupRestoration (0ms)
Platform modules already initialized, skipping
Registering precompiled user dll's ...
Registered in 0.023007 seconds.
Begin MonoManager ReloadAssembly
Native extension for WindowsStandalone target not found
Refreshing native plugins compatible for Editor in 0.74 ms, found 4 plugins.
Preloading 0 native plugins for Editor in 0.00 ms.
Mono: successfully reloaded assembly
- Completed reload, in  1.917 seconds
Domain Reload Profiling:
	ReloadAssembly (1920ms)
		BeginReloadAssembly (263ms)
			ExecutionOrderSort (0ms)
			DisableScriptedObjects (5ms)
			BackupInstance (0ms)
			ReleaseScriptingObjects (0ms)
			CreateAndSetChildDomain (33ms)
		EndReloadAssembly (1566ms)
			LoadAssemblies (188ms)
			RebuildTransferFunctionScriptingTraits (0ms)
			SetupTypeCache (366ms)
			ReleaseScriptCaches (1ms)
			RebuildScriptCaches (362ms)
			SetupLoadedEditorAssemblies (523ms)
				LogAssemblyErrors (0ms)
				InitializePlatformSupportModulesInManaged (10ms)
				SetLoadedEditorAssemblies (1ms)
				RefreshPlugins (1ms)
				BeforeProcessingInitializeOnLoad (101ms)
				ProcessInitializeOnLoadAttributes (391ms)
				ProcessInitializeOnLoadMethodAttributes (6ms)
				AfterProcessingInitializeOnLoad (14ms)
				EditorAssembliesLoaded (0ms)
			ExecutionOrderSort2 (0ms)
			AwakeInstancesAfterBackupRestoration (10ms)
Platform modules already initialized, skipping
========================================================================
Worker process is ready to serve import requests
Launched and connected shader compiler UnityShaderCompiler.exe after 0.08 seconds
Refreshing native plugins compatible for Editor in 0.89 ms, found 4 plugins.
Preloading 0 native plugins for Editor in 0.00 ms.
Unloading 2065 Unused Serialized files (Serialized files now loaded: 0)
System memory in use before: 91.7 MB.
System memory in use after: 91.8 MB.

Unloading 35 unused Assets to reduce memory usage. Loaded Objects now: 2525.
Total: 16.444300 ms (FindLiveObjects: 0.356500 ms CreateObjectMapping: 0.275700 ms MarkObjects: 13.355800 ms  DeleteObjects: 2.453000 ms)

AssetImportParameters requested are different than current active one (requested -> active):
  custom:framework-win-MediaFoundation: 216162199b28c13a410421893ffa2e32 -> 
  custom:video-decoder-ogg-theora: a1e56fd34408186e4bbccfd4996cb3dc -> 
  custom:container-muxer-webm: aa71ff27fc2769a1b78a27578f13a17b -> 
  custom:container-demuxer-webm: 4f35f7cbe854078d1ac9338744f61a02 -> 
  custom:container-demuxer-ogg: 62fdf1f143b41e24485cea50d1cbac27 -> 
  custom:video-encoder-webm-vp8: eb34c28f22e8b96e1ab97ce403110664 -> 
  custom:video-decoder-webm-vp8: 9c59270c3fd7afecdb556c50c9e8de78 -> 
  custom:audio-decoder-ogg-vorbis: bf7c407c2cedff20999df2af8eb42d56 -> 
  custom:audio-encoder-webm-vorbis: bf7c407c2cedff20999df2af8eb42d56 -> 
========================================================================
Received Import Request.
  path: Assets/model 3.dae
  artifactKey: Guid(576c8d64b47397745a9382b0f5d19832) Importer(815301076,1909f56bfc062723c751e8b465ee728b)
Start importing Assets/model 3.dae using Guid(576c8d64b47397745a9382b0f5d19832) Importer(815301076,1909f56bfc062723c751e8b465ee728b)  -> (artifact id: 'cda8160a8e2e8b6a89ef2bd86dc0527b') in 1.692022 seconds 
  Import took 1.708612 seconds .

========================================================================
Received Import Request.
  Time since last request: 0.000826 seconds.
  path: Assets/model 4.dae
  artifactKey: Guid(19f09803d81fe2644838e8182b036086) Importer(815301076,1909f56bfc062723c751e8b465ee728b)
Start importing Assets/model 4.dae using Guid(19f09803d81fe2644838e8182b036086) Importer(815301076,1909f56bfc062723c751e8b465ee728b)  -> (artifact id: 'e8aa5e0454557e443876d51cef8a2e16') in 0.296389 seconds 
  Import took 0.301451 seconds .

========================================================================
Received Import Request.
  Time since last request: 0.000365 seconds.
  path: Assets/model 2.dae
  artifactKey: Guid(c1e50d7b7c82f9249adfd8a89c6b4cb3) Importer(815301076,1909f56bfc062723c751e8b465ee728b)
Start importing Assets/model 2.dae using Guid(c1e50d7b7c82f9249adfd8a89c6b4cb3) Importer(815301076,1909f56bfc062723c751e8b465ee728b)  -> (artifact id: 'da86de92e0c25b95da6369b8bd177ffb') in 2.362885 seconds 
  Import took 2.370229 seconds .

========================================================================
Received Import Request.
  Time since last request: 0.000302 seconds.
  path: Assets/model 5.dae
  artifactKey: Guid(491f599577922744fbc066396dc043e6) Importer(815301076,1909f56bfc062723c751e8b465ee728b)
Start importing Assets/model 5.dae using Guid(491f599577922744fbc066396dc043e6) Importer(815301076,1909f56bfc062723c751e8b465ee728b)  -> (artifact id: 'f990bb377b6c4acd0129a1c13392c83e') in 0.199991 seconds 
  Import took 0.206069 seconds .

========================================================================
Received Import Request.
  Time since last request: 0.000369 seconds.
  path: Assets/model 8.dae
  artifactKey: Guid(191c1ea2bc0f6c148aacd3d30a855f3f) Importer(815301076,1909f56bfc062723c751e8b465ee728b)
Start importing Assets/model 8.dae using Guid(191c1ea2bc0f6c148aacd3d30a855f3f) Importer(815301076,1909f56bfc062723c751e8b465ee728b)  -> (artifact id: '3c629f77806103a7fdb49ef408f2f7d1') in 0.152729 seconds 
  Import took 0.157510 seconds .

========================================================================
Received Import Request.
  Time since last request: 0.000320 seconds.
  path: Assets/model 6.dae
  artifactKey: Guid(1ec1ac5d6d3de7f4ea423f87b9effc74) Importer(815301076,1909f56bfc062723c751e8b465ee728b)
Start importing Assets/model 6.dae using Guid(1ec1ac5d6d3de7f4ea423f87b9effc74) Importer(815301076,1909f56bfc062723c751e8b465ee728b)  -> (artifact id: '75715f1f2e35d84f7850028c88b4dcb0') in 0.093292 seconds 
  Import took 0.096573 seconds .

========================================================================
Received Import Request.
  Time since last request: 0.000293 seconds.
  path: Assets/model 7.dae
  artifactKey: Guid(c6bec933dfd4a7747813cec37af15971) Importer(815301076,1909f56bfc062723c751e8b465ee728b)
Start importing Assets/model 7.dae using Guid(c6bec933dfd4a7747813cec37af15971) Importer(815301076,1909f56bfc062723c751e8b465ee728b)  -> (artifact id: '5c26a5016002b4ae5be4640210ae5ebd') in 0.488990 seconds 
  Import took 0.509820 seconds .

========================================================================
Received Import Request.
  Time since last request: 3.750372 seconds.
  path: Assets/Scenes
  artifactKey: Guid(4e35c7a342d3df645b3d664cec79428a) Importer(815301076,1909f56bfc062723c751e8b465ee728b)
Start importing Assets/Scenes using Guid(4e35c7a342d3df645b3d664cec79428a) Importer(815301076,1909f56bfc062723c751e8b465ee728b)  -> (artifact id: '5236d543f77c7535faddb8ddc0b626ca') in 0.004516 seconds 
  Import took 0.008273 seconds .

========================================================================
Received Import Request.
  Time since last request: 2.008428 seconds.
  path: Assets/Scenes/Player_Level1.unity
  artifactKey: Guid(5851e942b8127b840bd5ce0ce4331001) Importer(815301076,1909f56bfc062723c751e8b465ee728b)
Start importing Assets/Scenes/Player_Level1.unity using Guid(5851e942b8127b840bd5ce0ce4331001) Importer(815301076,1909f56bfc062723c751e8b465ee728b)  -> (artifact id: 'd8baebfed07a75554d897efa174bdf66') in 0.008110 seconds 
  Import took 0.012822 seconds .

========================================================================
Received Import Request.
  Time since last request: 1.572596 seconds.
  path: Assets/Scenes/Level1.unity
  artifactKey: Guid(2b0b64ad60d40a9488a1aafc0a1cef2a) Importer(815301076,1909f56bfc062723c751e8b465ee728b)
Start importing Assets/Scenes/Level1.unity using Guid(2b0b64ad60d40a9488a1aafc0a1cef2a) Importer(815301076,1909f56bfc062723c751e8b465ee728b)  -> (artifact id: 'fa700430887cfc3645c7aa6474fa8779') in 0.007380 seconds 
  Import took 0.011931 seconds .

========================================================================
Received Prepare
Registering precompiled user dll's ...
Registered in 0.034278 seconds.
Begin MonoManager ReloadAssembly
Native extension for WindowsStandalone target not found
Refreshing native plugins compatible for Editor in 0.82 ms, found 4 plugins.
Preloading 0 native plugins for Editor in 0.00 ms.
Mono: successfully reloaded assembly
- Completed reload, in  1.981 seconds
Domain Reload Profiling:
	ReloadAssembly (1982ms)
		BeginReloadAssembly (267ms)
			ExecutionOrderSort (0ms)
			DisableScriptedObjects (7ms)
			BackupInstance (0ms)
			ReleaseScriptingObjects (0ms)
			CreateAndSetChildDomain (74ms)
		EndReloadAssembly (1590ms)
			LoadAssemblies (225ms)
			RebuildTransferFunctionScriptingTraits (0ms)
			SetupTypeCache (536ms)
			ReleaseScriptCaches (1ms)
			RebuildScriptCaches (90ms)
			SetupLoadedEditorAssemblies (566ms)
				LogAssemblyErrors (0ms)
				InitializePlatformSupportModulesInManaged (9ms)
				SetLoadedEditorAssemblies (1ms)
				RefreshPlugins (1ms)
				BeforeProcessingInitializeOnLoad (126ms)
				ProcessInitializeOnLoadAttributes (402ms)
				ProcessInitializeOnLoadMethodAttributes (9ms)
				AfterProcessingInitializeOnLoad (18ms)
				EditorAssembliesLoaded (0ms)
			ExecutionOrderSort2 (0ms)
			AwakeInstancesAfterBackupRestoration (12ms)
Platform modules already initialized, skipping
Refreshing native plugins compatible for Editor in 1.40 ms, found 4 plugins.
Preloading 0 native plugins for Editor in 0.00 ms.
Unloading 2025 Unused Serialized files (Serialized files now loaded: 0)
System memory in use before: 94.9 MB.
System memory in use after: 95.0 MB.

Unloading 30 unused Assets to reduce memory usage. Loaded Objects now: 2570.
Total: 5.162100 ms (FindLiveObjects: 0.475600 ms CreateObjectMapping: 0.281800 ms MarkObjects: 4.201400 ms  DeleteObjects: 0.201200 ms)

AssetImportParameters requested are different than current active one (requested -> active):
  custom:framework-win-MediaFoundation: 216162199b28c13a410421893ffa2e32 -> 
  custom:video-decoder-ogg-theora: a1e56fd34408186e4bbccfd4996cb3dc -> 
  custom:container-muxer-webm: aa71ff27fc2769a1b78a27578f13a17b -> 
  custom:container-demuxer-webm: 4f35f7cbe854078d1ac9338744f61a02 -> 
  custom:container-demuxer-ogg: 62fdf1f143b41e24485cea50d1cbac27 -> 
  custom:video-encoder-webm-vp8: eb34c28f22e8b96e1ab97ce403110664 -> 
  custom:video-decoder-webm-vp8: 9c59270c3fd7afecdb556c50c9e8de78 -> 
  custom:audio-decoder-ogg-vorbis: bf7c407c2cedff20999df2af8eb42d56 -> 
  custom:audio-encoder-webm-vorbis: bf7c407c2cedff20999df2af8eb42d56 -> 
========================================================================
Received Import Request.
  Time since last request: 318.642973 seconds.
  path: Assets/Scenes/SampleScene.unity
  artifactKey: Guid(9fc0d4010bbf28b4594072e72b8655ab) Importer(815301076,1909f56bfc062723c751e8b465ee728b)
Start importing Assets/Scenes/SampleScene.unity using Guid(9fc0d4010bbf28b4594072e72b8655ab) Importer(815301076,1909f56bfc062723c751e8b465ee728b)  -> (artifact id: '27aeed3e45e9e2503f1b557bb3b7b3e8') in 0.017671 seconds 
  Import took 0.021434 seconds .

