Using pre-set license
Built from '2020.3/staging' branch; Version is '2020.3.19f1 (68f137dc9bbe) revision 6877495'; Using compiler version '192528614'; Build Type 'Release'
OS: 'Windows 10 Home; OS build 19043.1288; Version 2009; 64bit' Language: 'fr' Physical Memory: 16259 MB
BatchMode: 1, IsHumanControllingUs: 0, StartBugReporterOnCrash: 0, Is64bit: 1, IsPro: 0

COMMAND LINE ARGUMENTS:
C:\Program Files\Unity\Hub\Editor\2020.3.19f1\Editor\Unity.exe
-adb2
-batchMode
-noUpm
-name
AssetImportWorker0
-projectPath
C:/Users/maist/Documents/4_Fichiers ING4/MCN/Tuto FPS Unity/Creation/MCN
-logFile
Logs/AssetImportWorker0.log
-srvPort
61267
Successfully changed project path to: C:/Users/maist/Documents/4_Fichiers ING4/MCN/Tuto FPS Unity/Creation/MCN
C:/Users/maist/Documents/4_Fichiers ING4/MCN/Tuto FPS Unity/Creation/MCN
Using Asset Import Pipeline V2.
Refreshing native plugins compatible for Editor in 273.17 ms, found 4 plugins.
Preloading 0 native plugins for Editor in 0.00 ms.
Initialize engine version: 2020.3.19f1 (68f137dc9bbe)
[Subsystems] Discovering subsystems at path C:/Program Files/Unity/Hub/Editor/2020.3.19f1/Editor/Data/Resources/UnitySubsystems
[Subsystems] Discovering subsystems at path C:/Users/maist/Documents/4_Fichiers ING4/MCN/Tuto FPS Unity/Creation/MCN/Assets
GfxDevice: creating device client; threaded=0
Direct3D:
    Version:  Direct3D 11.0 [level 11.1]
    Renderer: NVIDIA GeForce RTX 2060 (ID=0x1f11)
    Vendor:   
    VRAM:     5980 MB
    Driver:   30.0.14.7219
Initialize mono
Mono path[0] = 'C:/Program Files/Unity/Hub/Editor/2020.3.19f1/Editor/Data/Managed'
Mono path[1] = 'C:/Program Files/Unity/Hub/Editor/2020.3.19f1/Editor/Data/MonoBleedingEdge/lib/mono/unityjit'
Mono config path = 'C:/Program Files/Unity/Hub/Editor/2020.3.19f1/Editor/Data/MonoBleedingEdge/etc'
Using monoOptions --debugger-agent=transport=dt_socket,embedding=1,server=y,suspend=n,address=127.0.0.1:56620
Begin MonoManager ReloadAssembly
Registering precompiled unity dll's ...
Register platform support module: C:/Program Files/Unity/Hub/Editor/2020.3.19f1/Editor/Data/PlaybackEngines/WindowsStandaloneSupport/UnityEditor.WindowsStandalone.Extensions.dll
Registered in 0.006466 seconds.
Native extension for WindowsStandalone target not found
Refreshing native plugins compatible for Editor in 171.76 ms, found 4 plugins.
Preloading 0 native plugins for Editor in 0.00 ms.
Mono: successfully reloaded assembly
- Completed reload, in  3.451 seconds
Domain Reload Profiling:
	ReloadAssembly (3452ms)
		BeginReloadAssembly (219ms)
			ExecutionOrderSort (0ms)
			DisableScriptedObjects (0ms)
			BackupInstance (0ms)
			ReleaseScriptingObjects (0ms)
			CreateAndSetChildDomain (1ms)
		EndReloadAssembly (1308ms)
			LoadAssemblies (216ms)
			RebuildTransferFunctionScriptingTraits (0ms)
			SetupTypeCache (396ms)
			ReleaseScriptCaches (0ms)
			RebuildScriptCaches (106ms)
			SetupLoadedEditorAssemblies (568ms)
				LogAssemblyErrors (0ms)
				InitializePlatformSupportModulesInManaged (11ms)
				SetLoadedEditorAssemblies (1ms)
				RefreshPlugins (172ms)
				BeforeProcessingInitializeOnLoad (39ms)
				ProcessInitializeOnLoadAttributes (248ms)
				ProcessInitializeOnLoadMethodAttributes (95ms)
				AfterProcessingInitializeOnLoad (0ms)
				EditorAssembliesLoaded (1ms)
			ExecutionOrderSort2 (0ms)
			AwakeInstancesAfterBackupRestoration (0ms)
Platform modules already initialized, skipping
Registering precompiled user dll's ...
Registered in 0.024227 seconds.
Begin MonoManager ReloadAssembly
Native extension for WindowsStandalone target not found
Refreshing native plugins compatible for Editor in 1.47 ms, found 4 plugins.
Preloading 0 native plugins for Editor in 0.00 ms.
Mono: successfully reloaded assembly
- Completed reload, in  3.398 seconds
Domain Reload Profiling:
	ReloadAssembly (3400ms)
		BeginReloadAssembly (414ms)
			ExecutionOrderSort (0ms)
			DisableScriptedObjects (11ms)
			BackupInstance (0ms)
			ReleaseScriptingObjects (0ms)
			CreateAndSetChildDomain (39ms)
		EndReloadAssembly (2806ms)
			LoadAssemblies (304ms)
			RebuildTransferFunctionScriptingTraits (0ms)
			SetupTypeCache (963ms)
			ReleaseScriptCaches (1ms)
			RebuildScriptCaches (143ms)
			SetupLoadedEditorAssemblies (1166ms)
				LogAssemblyErrors (0ms)
				InitializePlatformSupportModulesInManaged (15ms)
				SetLoadedEditorAssemblies (1ms)
				RefreshPlugins (2ms)
				BeforeProcessingInitializeOnLoad (318ms)
				ProcessInitializeOnLoadAttributes (791ms)
				ProcessInitializeOnLoadMethodAttributes (20ms)
				AfterProcessingInitializeOnLoad (19ms)
				EditorAssembliesLoaded (0ms)
			ExecutionOrderSort2 (0ms)
			AwakeInstancesAfterBackupRestoration (20ms)
Platform modules already initialized, skipping
========================================================================
Worker process is ready to serve import requests
Launched and connected shader compiler UnityShaderCompiler.exe after 0.11 seconds
Refreshing native plugins compatible for Editor in 1.35 ms, found 4 plugins.
Preloading 0 native plugins for Editor in 0.00 ms.
Unloading 2065 Unused Serialized files (Serialized files now loaded: 0)
System memory in use before: 163.7 MB.
System memory in use after: 163.8 MB.

Unloading 35 unused Assets to reduce memory usage. Loaded Objects now: 2529.
Total: 9.924300 ms (FindLiveObjects: 0.643000 ms CreateObjectMapping: 0.322500 ms MarkObjects: 8.710600 ms  DeleteObjects: 0.244200 ms)

AssetImportParameters requested are different than current active one (requested -> active):
  custom:framework-win-MediaFoundation: 216162199b28c13a410421893ffa2e32 -> 
  custom:video-decoder-ogg-theora: a1e56fd34408186e4bbccfd4996cb3dc -> 
  custom:container-muxer-webm: aa71ff27fc2769a1b78a27578f13a17b -> 
  custom:container-demuxer-webm: 4f35f7cbe854078d1ac9338744f61a02 -> 
  custom:container-demuxer-ogg: 62fdf1f143b41e24485cea50d1cbac27 -> 
  custom:video-encoder-webm-vp8: eb34c28f22e8b96e1ab97ce403110664 -> 
  custom:video-codec-MediaFoundation-h265: 746d11721c4dcdbdad8f713fa42b33f4 -> 
  custom:video-decoder-webm-vp8: 9c59270c3fd7afecdb556c50c9e8de78 -> 
  custom:audio-decoder-ogg-vorbis: bf7c407c2cedff20999df2af8eb42d56 -> 
  custom:audio-encoder-webm-vorbis: bf7c407c2cedff20999df2af8eb42d56 -> 
========================================================================
Received Import Request.
  path: Assets/odinateur.blend
  artifactKey: Guid(2dc988e65efc58d41b80c4a64324a628) Importer(815301076,1909f56bfc062723c751e8b465ee728b)
Start importing Assets/odinateur.blend using Guid(2dc988e65efc58d41b80c4a64324a628) Importer(815301076,1909f56bfc062723c751e8b465ee728b)  -> (artifact id: '1971d4c95e6cef9f002259bea7bfa25b') in 8.549314 seconds 
  Import took 8.574348 seconds .

========================================================================
Received Prepare
Registering precompiled user dll's ...
Registered in 0.027025 seconds.
Begin MonoManager ReloadAssembly
Native extension for WindowsStandalone target not found
Refreshing native plugins compatible for Editor in 1.68 ms, found 4 plugins.
Preloading 0 native plugins for Editor in 0.00 ms.
Mono: successfully reloaded assembly
- Completed reload, in  3.325 seconds
Domain Reload Profiling:
	ReloadAssembly (3326ms)
		BeginReloadAssembly (373ms)
			ExecutionOrderSort (0ms)
			DisableScriptedObjects (13ms)
			BackupInstance (0ms)
			ReleaseScriptingObjects (0ms)
			CreateAndSetChildDomain (101ms)
		EndReloadAssembly (2740ms)
			LoadAssemblies (303ms)
			RebuildTransferFunctionScriptingTraits (0ms)
			SetupTypeCache (892ms)
			ReleaseScriptCaches (3ms)
			RebuildScriptCaches (143ms)
			SetupLoadedEditorAssemblies (1107ms)
				LogAssemblyErrors (0ms)
				InitializePlatformSupportModulesInManaged (16ms)
				SetLoadedEditorAssemblies (2ms)
				RefreshPlugins (2ms)
				BeforeProcessingInitializeOnLoad (322ms)
				ProcessInitializeOnLoadAttributes (734ms)
				ProcessInitializeOnLoadMethodAttributes (20ms)
				AfterProcessingInitializeOnLoad (10ms)
				EditorAssembliesLoaded (0ms)
			ExecutionOrderSort2 (0ms)
			AwakeInstancesAfterBackupRestoration (15ms)
Platform modules already initialized, skipping
Refreshing native plugins compatible for Editor in 1.58 ms, found 4 plugins.
Preloading 0 native plugins for Editor in 0.00 ms.
Unloading 2025 Unused Serialized files (Serialized files now loaded: 0)
System memory in use before: 165.8 MB.
System memory in use after: 165.9 MB.

Unloading 31 unused Assets to reduce memory usage. Loaded Objects now: 2574.
Total: 8.367200 ms (FindLiveObjects: 0.488600 ms CreateObjectMapping: 0.275600 ms MarkObjects: 7.417700 ms  DeleteObjects: 0.182100 ms)

AssetImportParameters requested are different than current active one (requested -> active):
  custom:framework-win-MediaFoundation: 216162199b28c13a410421893ffa2e32 -> 
  custom:video-decoder-ogg-theora: a1e56fd34408186e4bbccfd4996cb3dc -> 
  custom:container-muxer-webm: aa71ff27fc2769a1b78a27578f13a17b -> 
  custom:container-demuxer-webm: 4f35f7cbe854078d1ac9338744f61a02 -> 
  custom:container-demuxer-ogg: 62fdf1f143b41e24485cea50d1cbac27 -> 
  custom:video-encoder-webm-vp8: eb34c28f22e8b96e1ab97ce403110664 -> 
  custom:video-codec-MediaFoundation-h265: 746d11721c4dcdbdad8f713fa42b33f4 -> 
  custom:video-decoder-webm-vp8: 9c59270c3fd7afecdb556c50c9e8de78 -> 
  custom:audio-decoder-ogg-vorbis: bf7c407c2cedff20999df2af8eb42d56 -> 
  custom:audio-encoder-webm-vorbis: bf7c407c2cedff20999df2af8eb42d56 -> 
========================================================================
Received Import Request.
  Time since last request: 6.734096 seconds.
  path: Assets/odinateur1.blend
  artifactKey: Guid(4b0cee211b5aed44291b60c6b1be0639) Importer(815301076,1909f56bfc062723c751e8b465ee728b)
Start importing Assets/odinateur1.blend using Guid(4b0cee211b5aed44291b60c6b1be0639) Importer(815301076,1909f56bfc062723c751e8b465ee728b)  -> (artifact id: 'c774527f885eeb283f8fa6b98def2259') in 9.672531 seconds 
  Import took 9.685542 seconds .

========================================================================
Received Import Request.
  Time since last request: 0.000659 seconds.
  path: Assets/odinateur.blend1
  artifactKey: Guid(a4b2f380afc37e449a845c8309a7d426) Importer(815301076,1909f56bfc062723c751e8b465ee728b)
Start importing Assets/odinateur.blend1 using Guid(a4b2f380afc37e449a845c8309a7d426) Importer(815301076,1909f56bfc062723c751e8b465ee728b)  -> (artifact id: 'a97a039ba0426d3f420d397a3f1d9d66') in 0.013948 seconds 
  Import took 0.019198 seconds .

========================================================================
Received Import Request.
  Time since last request: 0.217753 seconds.
  path: Assets/Scenes
  artifactKey: Guid(4e35c7a342d3df645b3d664cec79428a) Importer(815301076,1909f56bfc062723c751e8b465ee728b)
Start importing Assets/Scenes using Guid(4e35c7a342d3df645b3d664cec79428a) Importer(815301076,1909f56bfc062723c751e8b465ee728b)  -> (artifact id: 'c695619601cc9b22f0175d73ec4563f1') in 0.004076 seconds 
  Import took 0.010000 seconds .

========================================================================
Received Import Request.
  Time since last request: 151.842128 seconds.
  path: Assets/ARPG Effects
  artifactKey: Guid(46120f2ef4241d94db6043d206714aa7) Importer(815301076,1909f56bfc062723c751e8b465ee728b)
Start importing Assets/ARPG Effects using Guid(46120f2ef4241d94db6043d206714aa7) Importer(815301076,1909f56bfc062723c751e8b465ee728b)  -> (artifact id: '85c53da409c66ec165837be882f23612') in 0.007110 seconds 
  Import took 0.015550 seconds .

========================================================================
Received Import Request.
  Time since last request: 122.386446 seconds.
  path: Assets/odinateur.blend
  artifactKey: Guid(2dc988e65efc58d41b80c4a64324a628) Importer(815301076,1909f56bfc062723c751e8b465ee728b)
Start importing Assets/odinateur.blend using Guid(2dc988e65efc58d41b80c4a64324a628) Importer(815301076,1909f56bfc062723c751e8b465ee728b)  -> (artifact id: '424e5656260811b431ca96add81cb68c') in 9.025526 seconds 
  Import took 9.050132 seconds .

========================================================================
Received Import Request.
  Time since last request: 67.819876 seconds.
  path: Assets/odinateur.blend
  artifactKey: Guid(2dc988e65efc58d41b80c4a64324a628) Importer(815301076,1909f56bfc062723c751e8b465ee728b)
Start importing Assets/odinateur.blend using Guid(2dc988e65efc58d41b80c4a64324a628) Importer(815301076,1909f56bfc062723c751e8b465ee728b)  -> (artifact id: '8e10d17083796262328eeedc7a4a90db') in 7.808005 seconds 
  Import took 7.842503 seconds .

========================================================================
Received Import Request.
  Time since last request: 0.001007 seconds.
  path: Assets/odinateur1.blend
  artifactKey: Guid(4b0cee211b5aed44291b60c6b1be0639) Importer(815301076,1909f56bfc062723c751e8b465ee728b)
Start importing Assets/odinateur1.blend using Guid(4b0cee211b5aed44291b60c6b1be0639) Importer(815301076,1909f56bfc062723c751e8b465ee728b)  -> (artifact id: '516ce99bb623c034c63e8eb1b2695655') in 9.973389 seconds 
  Import took 10.003843 seconds .

========================================================================
Received Prepare
Registering precompiled user dll's ...
Registered in 0.017413 seconds.
Begin MonoManager ReloadAssembly
Native extension for WindowsStandalone target not found
Refreshing native plugins compatible for Editor in 1.18 ms, found 4 plugins.
Preloading 0 native plugins for Editor in 0.00 ms.
Mono: successfully reloaded assembly
- Completed reload, in  2.482 seconds
Domain Reload Profiling:
	ReloadAssembly (2483ms)
		BeginReloadAssembly (378ms)
			ExecutionOrderSort (0ms)
			DisableScriptedObjects (13ms)
			BackupInstance (0ms)
			ReleaseScriptingObjects (0ms)
			CreateAndSetChildDomain (137ms)
		EndReloadAssembly (1957ms)
			LoadAssemblies (274ms)
			RebuildTransferFunctionScriptingTraits (0ms)
			SetupTypeCache (767ms)
			ReleaseScriptCaches (2ms)
			RebuildScriptCaches (93ms)
			SetupLoadedEditorAssemblies (670ms)
				LogAssemblyErrors (0ms)
				InitializePlatformSupportModulesInManaged (12ms)
				SetLoadedEditorAssemblies (1ms)
				RefreshPlugins (1ms)
				BeforeProcessingInitializeOnLoad (202ms)
				ProcessInitializeOnLoadAttributes (430ms)
				ProcessInitializeOnLoadMethodAttributes (8ms)
				AfterProcessingInitializeOnLoad (15ms)
				EditorAssembliesLoaded (1ms)
			ExecutionOrderSort2 (0ms)
			AwakeInstancesAfterBackupRestoration (13ms)
Platform modules already initialized, skipping
Refreshing native plugins compatible for Editor in 1.21 ms, found 4 plugins.
Preloading 0 native plugins for Editor in 0.00 ms.
Unloading 2025 Unused Serialized files (Serialized files now loaded: 0)
System memory in use before: 169.2 MB.
System memory in use after: 169.2 MB.

Unloading 31 unused Assets to reduce memory usage. Loaded Objects now: 2577.
Total: 4.630200 ms (FindLiveObjects: 0.431000 ms CreateObjectMapping: 0.291100 ms MarkObjects: 3.813400 ms  DeleteObjects: 0.092900 ms)

AssetImportParameters requested are different than current active one (requested -> active):
  custom:framework-win-MediaFoundation: 216162199b28c13a410421893ffa2e32 -> 
  custom:video-decoder-ogg-theora: a1e56fd34408186e4bbccfd4996cb3dc -> 
  custom:container-muxer-webm: aa71ff27fc2769a1b78a27578f13a17b -> 
  custom:container-demuxer-webm: 4f35f7cbe854078d1ac9338744f61a02 -> 
  custom:container-demuxer-ogg: 62fdf1f143b41e24485cea50d1cbac27 -> 
  custom:video-encoder-webm-vp8: eb34c28f22e8b96e1ab97ce403110664 -> 
  custom:video-codec-MediaFoundation-h265: 746d11721c4dcdbdad8f713fa42b33f4 -> 
  custom:video-decoder-webm-vp8: 9c59270c3fd7afecdb556c50c9e8de78 -> 
  custom:audio-decoder-ogg-vorbis: bf7c407c2cedff20999df2af8eb42d56 -> 
  custom:audio-encoder-webm-vorbis: bf7c407c2cedff20999df2af8eb42d56 -> 
========================================================================
Received Prepare
Registering precompiled user dll's ...
Registered in 0.019203 seconds.
Begin MonoManager ReloadAssembly
Native extension for WindowsStandalone target not found
Refreshing native plugins compatible for Editor in 0.88 ms, found 4 plugins.
Preloading 0 native plugins for Editor in 0.00 ms.
Mono: successfully reloaded assembly
- Completed reload, in  2.339 seconds
Domain Reload Profiling:
	ReloadAssembly (2340ms)
		BeginReloadAssembly (254ms)
			ExecutionOrderSort (0ms)
			DisableScriptedObjects (13ms)
			BackupInstance (0ms)
			ReleaseScriptingObjects (0ms)
			CreateAndSetChildDomain (63ms)
		EndReloadAssembly (1948ms)
			LoadAssemblies (220ms)
			RebuildTransferFunctionScriptingTraits (0ms)
			SetupTypeCache (609ms)
			ReleaseScriptCaches (2ms)
			RebuildScriptCaches (97ms)
			SetupLoadedEditorAssemblies (807ms)
				LogAssemblyErrors (0ms)
				InitializePlatformSupportModulesInManaged (9ms)
				SetLoadedEditorAssemblies (1ms)
				RefreshPlugins (1ms)
				BeforeProcessingInitializeOnLoad (223ms)
				ProcessInitializeOnLoadAttributes (541ms)
				ProcessInitializeOnLoadMethodAttributes (12ms)
				AfterProcessingInitializeOnLoad (19ms)
				EditorAssembliesLoaded (1ms)
			ExecutionOrderSort2 (0ms)
			AwakeInstancesAfterBackupRestoration (19ms)
Platform modules already initialized, skipping
Refreshing native plugins compatible for Editor in 1.25 ms, found 4 plugins.
Preloading 0 native plugins for Editor in 0.00 ms.
Unloading 2025 Unused Serialized files (Serialized files now loaded: 0)
System memory in use before: 169.2 MB.
System memory in use after: 169.3 MB.

Unloading 30 unused Assets to reduce memory usage. Loaded Objects now: 2579.
Total: 5.895900 ms (FindLiveObjects: 0.305600 ms CreateObjectMapping: 0.157500 ms MarkObjects: 5.326800 ms  DeleteObjects: 0.103000 ms)

AssetImportParameters requested are different than current active one (requested -> active):
  custom:framework-win-MediaFoundation: 216162199b28c13a410421893ffa2e32 -> 
  custom:video-decoder-ogg-theora: a1e56fd34408186e4bbccfd4996cb3dc -> 
  custom:container-muxer-webm: aa71ff27fc2769a1b78a27578f13a17b -> 
  custom:container-demuxer-webm: 4f35f7cbe854078d1ac9338744f61a02 -> 
  custom:container-demuxer-ogg: 62fdf1f143b41e24485cea50d1cbac27 -> 
  custom:video-encoder-webm-vp8: eb34c28f22e8b96e1ab97ce403110664 -> 
  custom:video-codec-MediaFoundation-h265: 746d11721c4dcdbdad8f713fa42b33f4 -> 
  custom:video-decoder-webm-vp8: 9c59270c3fd7afecdb556c50c9e8de78 -> 
  custom:audio-decoder-ogg-vorbis: bf7c407c2cedff20999df2af8eb42d56 -> 
  custom:audio-encoder-webm-vorbis: bf7c407c2cedff20999df2af8eb42d56 -> 
========================================================================
Received Import Request.
  Time since last request: 161.344607 seconds.
  path: Assets/ARPG Effects/Demo/Models/Materials/01 - Default.mat
  artifactKey: Guid(68de56253b5f8c345a750f46495f9360) Importer(815301076,1909f56bfc062723c751e8b465ee728b)
Start importing Assets/ARPG Effects/Demo/Models/Materials/01 - Default.mat using Guid(68de56253b5f8c345a750f46495f9360) Importer(815301076,1909f56bfc062723c751e8b465ee728b)  -> (artifact id: '8530a7e5b698974e2975efa1e8004db5') in 0.130617 seconds 
  Import took 0.137032 seconds .

========================================================================
Received Import Request.
  Time since last request: 0.000472 seconds.
  path: Assets/ARPG Effects/Demo/Models/Materials/02 - Default.mat
  artifactKey: Guid(cae639901d33c3c4a85916fea4f21a0b) Importer(815301076,1909f56bfc062723c751e8b465ee728b)
Start importing Assets/ARPG Effects/Demo/Models/Materials/02 - Default.mat using Guid(cae639901d33c3c4a85916fea4f21a0b) Importer(815301076,1909f56bfc062723c751e8b465ee728b)  -> (artifact id: 'c6bde2fe735b5bd6f1644c4de02e2ff8') in 0.019125 seconds 
  Import took 0.025634 seconds .

========================================================================
Received Import Request.
  Time since last request: 0.000822 seconds.
  path: Assets/ARPG Effects/Materials/Icons/3d_icon_surface.mat
  artifactKey: Guid(be94b72155ecf6b49a0d421ca2d71f93) Importer(815301076,1909f56bfc062723c751e8b465ee728b)
Start importing Assets/ARPG Effects/Materials/Icons/3d_icon_surface.mat using Guid(be94b72155ecf6b49a0d421ca2d71f93) Importer(815301076,1909f56bfc062723c751e8b465ee728b)  -> (artifact id: '123010fd440286bb89d9526852014661') in 3.471508 seconds 
  Import took 3.479461 seconds .

========================================================================
Received Import Request.
  Time since last request: 0.000603 seconds.
  path: Assets/ModAssets/Materials/Custom Materials/Basic Red.mat
  artifactKey: Guid(6487fdefd669d4dbc91709a177cd4b93) Importer(815301076,1909f56bfc062723c751e8b465ee728b)
Start importing Assets/ModAssets/Materials/Custom Materials/Basic Red.mat using Guid(6487fdefd669d4dbc91709a177cd4b93) Importer(815301076,1909f56bfc062723c751e8b465ee728b)  -> (artifact id: 'f2a55f45e222efdad7eb19f6526927ea') in 0.042396 seconds 
  Import took 0.049651 seconds .

========================================================================
Received Import Request.
  Time since last request: 0.000588 seconds.
  path: Assets/ARPG Effects/Materials/Loot/beam_essence.mat
  artifactKey: Guid(b1f328869e288364cbc91a15002d1562) Importer(815301076,1909f56bfc062723c751e8b465ee728b)
Start importing Assets/ARPG Effects/Materials/Loot/beam_essence.mat using Guid(b1f328869e288364cbc91a15002d1562) Importer(815301076,1909f56bfc062723c751e8b465ee728b)  -> (artifact id: 'e3200fcd86c6b38404adb5cc1b4ea215') in 0.438704 seconds 
  Import took 0.445791 seconds .

========================================================================
Received Import Request.
  Time since last request: 0.000633 seconds.
  path: Assets/ModAssets/Materials/Custom Materials/Basic Green.mat
  artifactKey: Guid(85a5f987437cc4794b97b153a23d7ccb) Importer(815301076,1909f56bfc062723c751e8b465ee728b)
Start importing Assets/ModAssets/Materials/Custom Materials/Basic Green.mat using Guid(85a5f987437cc4794b97b153a23d7ccb) Importer(815301076,1909f56bfc062723c751e8b465ee728b)  -> (artifact id: 'bf731b79c27ac910c33c8c364b5830e1') in 0.024458 seconds 
  Import took 0.032036 seconds .

========================================================================
Received Import Request.
  Time since last request: 0.000670 seconds.
  path: Assets/FPS/Prefabs/RootObjects/OBJAltar.obj
  artifactKey: Guid(5e2d72411753da244851ae358f741a58) Importer(815301076,1909f56bfc062723c751e8b465ee728b)
Start importing Assets/FPS/Prefabs/RootObjects/OBJAltar.obj using Guid(5e2d72411753da244851ae358f741a58) Importer(815301076,1909f56bfc062723c751e8b465ee728b)  -> (artifact id: 'edfde69632e6a044846188ea109930b7') in 0.137144 seconds 
  Import took 0.144533 seconds .

========================================================================
Received Import Request.
  Time since last request: 0.000750 seconds.
  path: Assets/ARPG Effects/Materials/Loot/beam_purple.mat
  artifactKey: Guid(7c69e8201acded247a7aab7602f22e39) Importer(815301076,1909f56bfc062723c751e8b465ee728b)
Start importing Assets/ARPG Effects/Materials/Loot/beam_purple.mat using Guid(7c69e8201acded247a7aab7602f22e39) Importer(815301076,1909f56bfc062723c751e8b465ee728b)  -> (artifact id: 'd2abd7bc8c2fa1b38cd07ef964bd6753') in 0.031919 seconds 
  Import took 0.041079 seconds .

========================================================================
Received Import Request.
  Time since last request: 0.000807 seconds.
  path: Assets/ModAssets/Models/SpaceProps/Asteroid.fbx
  artifactKey: Guid(738cfb63efae84af7b2446470711e751) Importer(815301076,1909f56bfc062723c751e8b465ee728b)
Start importing Assets/ModAssets/Models/SpaceProps/Asteroid.fbx using Guid(738cfb63efae84af7b2446470711e751) Importer(815301076,1909f56bfc062723c751e8b465ee728b)  -> (artifact id: '7e5d8f72ab4c673bf9de3d3ab7dff746') in 0.074063 seconds 
  Import took 0.084092 seconds .

========================================================================
Received Import Request.
  Time since last request: 0.000746 seconds.
  path: Assets/ModAssets/Materials/Custom Materials/Basic Blue.mat
  artifactKey: Guid(de7902ac5f1ca46b9894eae94bfe5e58) Importer(815301076,1909f56bfc062723c751e8b465ee728b)
Start importing Assets/ModAssets/Materials/Custom Materials/Basic Blue.mat using Guid(de7902ac5f1ca46b9894eae94bfe5e58) Importer(815301076,1909f56bfc062723c751e8b465ee728b)  -> (artifact id: 'b80023fb6dabeb2dd0e0951341c8100b') in 0.028252 seconds 
  Import took 0.036898 seconds .

========================================================================
Received Import Request.
  Time since last request: 0.000744 seconds.
  path: Assets/ARPG Effects/Materials/Loot/beam_essence_dark.mat
  artifactKey: Guid(f327ec18aef78204f910550ffbc71565) Importer(815301076,1909f56bfc062723c751e8b465ee728b)
Start importing Assets/ARPG Effects/Materials/Loot/beam_essence_dark.mat using Guid(f327ec18aef78204f910550ffbc71565) Importer(815301076,1909f56bfc062723c751e8b465ee728b)  -> (artifact id: '094f86593b8ec00bb56fca91a4ace15c') in 0.035140 seconds 
  Import took 0.043564 seconds .

========================================================================
Received Import Request.
  Time since last request: 0.000425 seconds.
  path: Assets/ModAssets/Materials/Custom Materials/Basic White.mat
  artifactKey: Guid(80aca137a2109463fb6c86f09a521374) Importer(815301076,1909f56bfc062723c751e8b465ee728b)
Start importing Assets/ModAssets/Materials/Custom Materials/Basic White.mat using Guid(80aca137a2109463fb6c86f09a521374) Importer(815301076,1909f56bfc062723c751e8b465ee728b)  -> (artifact id: '9613dbad5809c3116ca3c50ef20fdabf') in 0.019212 seconds 
  Import took 0.024081 seconds .

========================================================================
Received Import Request.
  Time since last request: 0.000330 seconds.
  path: Assets/ARPG Effects/Materials/Misc/arrow.mat
  artifactKey: Guid(d648bbbfa2e4f864b8d9e53ecb1e2369) Importer(815301076,1909f56bfc062723c751e8b465ee728b)
Start importing Assets/ARPG Effects/Materials/Misc/arrow.mat using Guid(d648bbbfa2e4f864b8d9e53ecb1e2369) Importer(815301076,1909f56bfc062723c751e8b465ee728b)  -> (artifact id: 'eb955758f371c9b508e4229786dbf574') in 0.024156 seconds 
  Import took 0.029099 seconds .

========================================================================
Received Import Request.
  Time since last request: 0.000344 seconds.
  path: Assets/ModAssets/Models/AncientProps/Archway.fbx
  artifactKey: Guid(8845e58e723a048699e6cf81997a1af0) Importer(815301076,1909f56bfc062723c751e8b465ee728b)
Start importing Assets/ModAssets/Models/AncientProps/Archway.fbx using Guid(8845e58e723a048699e6cf81997a1af0) Importer(815301076,1909f56bfc062723c751e8b465ee728b)  -> (artifact id: '5af982490c442791f5a9a78e539a2f95') in 0.055107 seconds 
  Import took 0.060529 seconds .

========================================================================
Received Import Request.
  Time since last request: 0.000570 seconds.
  path: Assets/ARPG Effects/Materials/Loot/beam_red.mat
  artifactKey: Guid(0c063d79de54fd441b657430e15e4649) Importer(815301076,1909f56bfc062723c751e8b465ee728b)
Start importing Assets/ARPG Effects/Materials/Loot/beam_red.mat using Guid(0c063d79de54fd441b657430e15e4649) Importer(815301076,1909f56bfc062723c751e8b465ee728b)  -> (artifact id: 'e41871e74a4c2132b5d030fcfb4d048a') in 0.017576 seconds 
  Import took 0.024285 seconds .

========================================================================
Received Import Request.
  Time since last request: 0.000584 seconds.
  path: Assets/ARPG Effects/Materials/Loot/beam_orange.mat
  artifactKey: Guid(54f97d9f897b175418e5fd72bd188368) Importer(815301076,1909f56bfc062723c751e8b465ee728b)
Start importing Assets/ARPG Effects/Materials/Loot/beam_orange.mat using Guid(54f97d9f897b175418e5fd72bd188368) Importer(815301076,1909f56bfc062723c751e8b465ee728b)  -> (artifact id: 'c965c514c0f1749027449c76fe38d821') in 0.022153 seconds 
  Import took 0.027486 seconds .

========================================================================
Received Import Request.
  Time since last request: 0.000420 seconds.
  path: Assets/ARPG Effects/Materials/Icons/3d_icon_glow.mat
  artifactKey: Guid(845f5e6630e7fb1479f2f04d2732f87b) Importer(815301076,1909f56bfc062723c751e8b465ee728b)
Start importing Assets/ARPG Effects/Materials/Icons/3d_icon_glow.mat using Guid(845f5e6630e7fb1479f2f04d2732f87b) Importer(815301076,1909f56bfc062723c751e8b465ee728b)  -> (artifact id: '4382f75e262d1338286e5207f633556b') in 0.017281 seconds 
  Import took 0.024203 seconds .

========================================================================
Received Import Request.
  Time since last request: 0.000377 seconds.
  path: Assets/ModAssets/Materials/Custom Materials/Basic Black.mat
  artifactKey: Guid(dc263f8d5174d45c0a98e6489eca16c5) Importer(815301076,1909f56bfc062723c751e8b465ee728b)
Start importing Assets/ModAssets/Materials/Custom Materials/Basic Black.mat using Guid(dc263f8d5174d45c0a98e6489eca16c5) Importer(815301076,1909f56bfc062723c751e8b465ee728b)  -> (artifact id: '3866d83277a3c8e063525c02828278cb') in 0.013051 seconds 
  Import took 0.018551 seconds .

========================================================================
Received Import Request.
  Time since last request: 0.000394 seconds.
  path: Assets/ARPG Effects/Materials/Loot/beam_modular.mat
  artifactKey: Guid(5f7deb2b5ec714e448990ebb2d2d4f03) Importer(815301076,1909f56bfc062723c751e8b465ee728b)
Start importing Assets/ARPG Effects/Materials/Loot/beam_modular.mat using Guid(5f7deb2b5ec714e448990ebb2d2d4f03) Importer(815301076,1909f56bfc062723c751e8b465ee728b)  -> (artifact id: '1f476d069197dc0c844b20efd77b6d61') in 0.022078 seconds 
  Import took 0.028149 seconds .

========================================================================
Received Import Request.
  Time since last request: 0.000434 seconds.
  path: Assets/ModAssets/Fonts/Bangers-Regular SDF.asset
  artifactKey: Guid(0e141b3397d234c8685509c5d77ebcf1) Importer(815301076,1909f56bfc062723c751e8b465ee728b)
Start importing Assets/ModAssets/Fonts/Bangers-Regular SDF.asset using Guid(0e141b3397d234c8685509c5d77ebcf1) Importer(815301076,1909f56bfc062723c751e8b465ee728b)  -> (artifact id: '86eeb7e79bfe8e1d4fe8ead422bbad13') in 0.085828 seconds 
  Import took 0.090650 seconds .

========================================================================
Received Import Request.
  Time since last request: 0.000419 seconds.
  path: Assets/ARPG Effects/Materials/Loot/beam_green.mat
  artifactKey: Guid(2274b2be650ea4b489e8c2284ecf17b7) Importer(815301076,1909f56bfc062723c751e8b465ee728b)
Start importing Assets/ARPG Effects/Materials/Loot/beam_green.mat using Guid(2274b2be650ea4b489e8c2284ecf17b7) Importer(815301076,1909f56bfc062723c751e8b465ee728b)  -> (artifact id: '3cbb8736975f2998a4c5a40742299419') in 0.025657 seconds 
  Import took 0.030072 seconds .

========================================================================
Received Import Request.
  Time since last request: 0.000403 seconds.
  path: Assets/ARPG Effects/Materials/Misc/beamglow.mat
  artifactKey: Guid(d2a3d8c55cf59d14f802db9880d38095) Importer(815301076,1909f56bfc062723c751e8b465ee728b)
Start importing Assets/ARPG Effects/Materials/Misc/beamglow.mat using Guid(d2a3d8c55cf59d14f802db9880d38095) Importer(815301076,1909f56bfc062723c751e8b465ee728b)  -> (artifact id: '3db443ef3085ab5561e4a9452a8bf865') in 0.014662 seconds 
  Import took 0.019979 seconds .

========================================================================
Received Import Request.
  Time since last request: 26.055125 seconds.
  path: Assets/odinateur1.blend
  artifactKey: Guid(4b0cee211b5aed44291b60c6b1be0639) Importer(815301076,1909f56bfc062723c751e8b465ee728b)
Start importing Assets/odinateur1.blend using Guid(4b0cee211b5aed44291b60c6b1be0639) Importer(815301076,1909f56bfc062723c751e8b465ee728b)  -> (artifact id: '059463916d68d1384b72ab9dab614d1e') in 7.293988 seconds 
  Import took 7.312916 seconds .

========================================================================
Received Import Request.
  Time since last request: 23.528823 seconds.
  path: Assets/FPS/Art/Materials/VFX/SmokeAngry.mat
  artifactKey: Guid(c652749532525cf40a10b2c90cd662c4) Importer(815301076,1909f56bfc062723c751e8b465ee728b)
Start importing Assets/FPS/Art/Materials/VFX/SmokeAngry.mat using Guid(c652749532525cf40a10b2c90cd662c4) Importer(815301076,1909f56bfc062723c751e8b465ee728b)  -> (artifact id: '6512047c2906c9c1f9814b1401ffb072') in 3.093228 seconds 
  Import took 3.099679 seconds .

========================================================================
Received Import Request.
  Time since last request: 1.805133 seconds.
  path: Assets/FPS/Art/Materials/VFX/ExclamationMark.mat
  artifactKey: Guid(a0c4a8e5c3d13f04e8e43d7cb33d1ea4) Importer(815301076,1909f56bfc062723c751e8b465ee728b)
Start importing Assets/FPS/Art/Materials/VFX/ExclamationMark.mat using Guid(a0c4a8e5c3d13f04e8e43d7cb33d1ea4) Importer(815301076,1909f56bfc062723c751e8b465ee728b)  -> (artifact id: 'acaa215e90527bdf04865ac8522aa37e') in 0.041897 seconds 
  Import took 0.049029 seconds .

AssetImportWorkerClient::OnTransportError - code=2 error=End of file
